<?xml version="1.0" encoding="UTF-8"?>
<testsuite name="edu.coursera.concurrent.BoruvkaPerformanceTest" time="208.759" tests="2" errors="0" skipped="0" failures="2">
  <properties>
[...]
</properties>
  <testcase name="testInputUSAroadFLA" classname="edu.coursera.concurrent.BoruvkaPerformanceTest" time="149.549">
    <failure message="Expected speedup of at least 1.700000x, but was 1.447494x" type="junit.framework.AssertionFailedError">junit.framework.AssertionFailedError: Expected speedup of at least 1.700000x, but was 1.447494x
	at junit.framework.Assert.fail(Assert.java:47)
	at junit.framework.Assert.assertTrue(Assert.java:20)
	at edu.coursera.concurrent.BoruvkaPerformanceTest.testInputUSAroadFLA(BoruvkaPerformanceTest.java:113)
</failure>
    <system-err><![CDATA[  src/main/resources/boruvka/USA-road-d.FLA.gr.gz - edu.coursera.concurrent.boruvka.sequential.SeqBoruvka - 2426
  src/main/resources/boruvka/USA-road-d.FLA.gr.gz - edu.coursera.concurrent.boruvka.sequential.SeqBoruvka - 3623
  src/main/resources/boruvka/USA-road-d.FLA.gr.gz - edu.coursera.concurrent.boruvka.sequential.SeqBoruvka - 3357
  src/main/resources/boruvka/USA-road-d.FLA.gr.gz - edu.coursera.concurrent.boruvka.sequential.SeqBoruvka - 3762
  src/main/resources/boruvka/USA-road-d.FLA.gr.gz - edu.coursera.concurrent.boruvka.sequential.SeqBoruvka - 11891
Exception in thread "Thread-1" java.lang.AssertionError
	at edu.coursera.concurrent.SolutionToBoruvka.setSolution(SolutionToBoruvka.java:24)
	at edu.coursera.concurrent.ParBoruvka.computeBoruvka(ParBoruvka.java:69)
	at edu.coursera.concurrent.BoruvkaPerformanceTest.lambda$driver$0(BoruvkaPerformanceTest.java:72)
	at java.base/java.lang.Thread.run(Thread.java:832)
Exception in thread "Thread-3" java.lang.AssertionError
	at edu.coursera.concurrent.SolutionToBoruvka.setSolution(SolutionToBoruvka.java:24)
	at edu.coursera.concurrent.ParBoruvka.computeBoruvka(ParBoruvka.java:69)
	at edu.coursera.concurrent.BoruvkaPerformanceTest.lambda$driver$0(BoruvkaPerformanceTest.java:72)
	at java.base/java.lang.Thread.run(Thread.java:832)
Exception in thread "Thread-2" java.lang.AssertionError
	at edu.coursera.concurrent.SolutionToBoruvka.setSolution(SolutionToBoruvka.java:24)
	at edu.coursera.concurrent.ParBoruvka.computeBoruvka(ParBoruvka.java:69)
	at edu.coursera.concurrent.BoruvkaPerformanceTest.lambda$driver$0(BoruvkaPerformanceTest.java:72)
	at java.base/java.lang.Thread.run(Thread.java:832)
  src/main/resources/boruvka/USA-road-d.FLA.gr.gz - edu.coursera.concurrent.ParBoruvka - 2239
Exception in thread "Thread-6" Exception in thread "Thread-5" java.lang.AssertionError
	at edu.coursera.concurrent.SolutionToBoruvka.setSolution(SolutionToBoruvka.java:24)
	at edu.coursera.concurrent.ParBoruvka.computeBoruvka(ParBoruvka.java:69)
	at edu.coursera.concurrent.BoruvkaPerformanceTest.lambda$driver$0(BoruvkaPerformanceTest.java:72)
	at java.base/java.lang.Thread.run(Thread.java:832)
java.lang.AssertionError
	at edu.coursera.concurrent.SolutionToBoruvka.setSolution(SolutionToBoruvka.java:24)
	at edu.coursera.concurrent.ParBoruvka.computeBoruvka(ParBoruvka.java:69)
	at edu.coursera.concurrent.BoruvkaPerformanceTest.lambda$driver$0(BoruvkaPerformanceTest.java:72)
	at java.base/java.lang.Thread.run(Thread.java:832)
Exception in thread "Thread-4" java.lang.AssertionError
	at edu.coursera.concurrent.SolutionToBoruvka.setSolution(SolutionToBoruvka.java:24)
	at edu.coursera.concurrent.ParBoruvka.computeBoruvka(ParBoruvka.java:69)
	at edu.coursera.concurrent.BoruvkaPerformanceTest.lambda$driver$0(BoruvkaPerformanceTest.java:72)
	at java.base/java.lang.Thread.run(Thread.java:832)
  src/main/resources/boruvka/USA-road-d.FLA.gr.gz - edu.coursera.concurrent.ParBoruvka - 2926
Exception in thread "Thread-10" Exception in thread "Thread-11" java.lang.AssertionError
	at edu.coursera.concurrent.SolutionToBoruvka.setSolution(SolutionToBoruvka.java:24)
	at edu.coursera.concurrent.ParBoruvka.computeBoruvka(ParBoruvka.java:69)
	at edu.coursera.concurrent.BoruvkaPerformanceTest.lambda$driver$0(BoruvkaPerformanceTest.java:72)
	at java.base/java.lang.Thread.run(Thread.java:832)
java.lang.AssertionError
	at edu.coursera.concurrent.SolutionToBoruvka.setSolution(SolutionToBoruvka.java:24)
	at edu.coursera.concurrent.ParBoruvka.computeBoruvka(ParBoruvka.java:69)
	at edu.coursera.concurrent.BoruvkaPerformanceTest.lambda$driver$0(BoruvkaPerformanceTest.java:72)
	at java.base/java.lang.Thread.run(Thread.java:832)
Exception in thread "Thread-8" java.lang.AssertionError
	at edu.coursera.concurrent.SolutionToBoruvka.setSolution(SolutionToBoruvka.java:24)
	at edu.coursera.concurrent.ParBoruvka.computeBoruvka(ParBoruvka.java:69)
	at edu.coursera.concurrent.BoruvkaPerformanceTest.lambda$driver$0(BoruvkaPerformanceTest.java:72)
	at java.base/java.lang.Thread.run(Thread.java:832)
  src/main/resources/boruvka/USA-road-d.FLA.gr.gz - edu.coursera.concurrent.ParBoruvka - 2069
Exception in thread "Thread-13" Exception in thread "Thread-15" Exception in thread "Thread-14" java.lang.AssertionError
	at edu.coursera.concurrent.SolutionToBoruvka.setSolution(SolutionToBoruvka.java:24)
	at edu.coursera.concurrent.ParBoruvka.computeBoruvka(ParBoruvka.java:69)
	at edu.coursera.concurrent.BoruvkaPerformanceTest.lambda$driver$0(BoruvkaPerformanceTest.java:72)
	at java.base/java.lang.Thread.run(Thread.java:832)
java.lang.AssertionError
	at edu.coursera.concurrent.SolutionToBoruvka.setSolution(SolutionToBoruvka.java:23)
	at edu.coursera.concurrent.ParBoruvka.computeBoruvka(ParBoruvka.java:69)
	at edu.coursera.concurrent.BoruvkaPerformanceTest.lambda$driver$0(BoruvkaPerformanceTest.java:72)
	at java.base/java.lang.Thread.run(Thread.java:832)
java.lang.AssertionError
	at edu.coursera.concurrent.SolutionToBoruvka.setSolution(SolutionToBoruvka.java:24)
	at edu.coursera.concurrent.ParBoruvka.computeBoruvka(ParBoruvka.java:69)
	at edu.coursera.concurrent.BoruvkaPerformanceTest.lambda$driver$0(BoruvkaPerformanceTest.java:72)
	at java.base/java.lang.Thread.run(Thread.java:832)
  src/main/resources/boruvka/USA-road-d.FLA.gr.gz - edu.coursera.concurrent.ParBoruvka - 2632
Exception in thread "Thread-16" Exception in thread "Thread-18" java.lang.AssertionError
	at edu.coursera.concurrent.SolutionToBoruvka.setSolution(SolutionToBoruvka.java:24)
	at edu.coursera.concurrent.ParBoruvka.computeBoruvka(ParBoruvka.java:69)
	at edu.coursera.concurrent.BoruvkaPerformanceTest.lambda$driver$0(BoruvkaPerformanceTest.java:72)
	at java.base/java.lang.Thread.run(Thread.java:832)
java.lang.AssertionError
	at edu.coursera.concurrent.SolutionToBoruvka.setSolution(SolutionToBoruvka.java:24)
	at edu.coursera.concurrent.ParBoruvka.computeBoruvka(ParBoruvka.java:69)
	at edu.coursera.concurrent.BoruvkaPerformanceTest.lambda$driver$0(BoruvkaPerformanceTest.java:72)
	at java.base/java.lang.Thread.run(Thread.java:832)
Exception in thread "Thread-17" java.lang.AssertionError
	at edu.coursera.concurrent.SolutionToBoruvka.setSolution(SolutionToBoruvka.java:23)
	at edu.coursera.concurrent.ParBoruvka.computeBoruvka(ParBoruvka.java:69)
	at edu.coursera.concurrent.BoruvkaPerformanceTest.lambda$driver$0(BoruvkaPerformanceTest.java:72)
	at java.base/java.lang.Thread.run(Thread.java:832)
  src/main/resources/boruvka/USA-road-d.FLA.gr.gz - edu.coursera.concurrent.ParBoruvka - 1676
]]></system-err>
  </testcase>
  <testcase name="testInputUSAroadNE" classname="edu.coursera.concurrent.BoruvkaPerformanceTest" time="59.21">
    <failure message="Expected speedup of at least 1.700000x, but was 1.132051x" type="junit.framework.AssertionFailedError">junit.framework.AssertionFailedError: Expected speedup of at least 1.700000x, but was 1.132051x
	at junit.framework.Assert.fail(Assert.java:47)
	at junit.framework.Assert.assertTrue(Assert.java:20)
	at edu.coursera.concurrent.BoruvkaPerformanceTest.testInputUSAroadNE(BoruvkaPerformanceTest.java:124)
</failure>
    <system-err><![CDATA[  src/main/resources/boruvka/USA-road-d.NE.gr.gz - edu.coursera.concurrent.boruvka.sequential.SeqBoruvka - 2165
  src/main/resources/boruvka/USA-road-d.NE.gr.gz - edu.coursera.concurrent.boruvka.sequential.SeqBoruvka - 1766
  src/main/resources/boruvka/USA-road-d.NE.gr.gz - edu.coursera.concurrent.boruvka.sequential.SeqBoruvka - 1938
  src/main/resources/boruvka/USA-road-d.NE.gr.gz - edu.coursera.concurrent.boruvka.sequential.SeqBoruvka - 1841
  src/main/resources/boruvka/USA-road-d.NE.gr.gz - edu.coursera.concurrent.boruvka.sequential.SeqBoruvka - 2143
Exception in thread "Thread-23" Exception in thread "Thread-21" java.lang.AssertionError
	at edu.coursera.concurrent.SolutionToBoruvka.setSolution(SolutionToBoruvka.java:24)
	at edu.coursera.concurrent.ParBoruvka.computeBoruvka(ParBoruvka.java:69)
	at edu.coursera.concurrent.BoruvkaPerformanceTest.lambda$driver$0(BoruvkaPerformanceTest.java:72)
	at java.base/java.lang.Thread.run(Thread.java:832)
Exception in thread "Thread-22" java.lang.AssertionError
	at edu.coursera.concurrent.SolutionToBoruvka.setSolution(SolutionToBoruvka.java:24)
	at edu.coursera.concurrent.ParBoruvka.computeBoruvka(ParBoruvka.java:69)
	at edu.coursera.concurrent.BoruvkaPerformanceTest.lambda$driver$0(BoruvkaPerformanceTest.java:72)
	at java.base/java.lang.Thread.run(Thread.java:832)
java.lang.AssertionError
	at edu.coursera.concurrent.SolutionToBoruvka.setSolution(SolutionToBoruvka.java:24)
	at edu.coursera.concurrent.ParBoruvka.computeBoruvka(ParBoruvka.java:69)
	at edu.coursera.concurrent.BoruvkaPerformanceTest.lambda$driver$0(BoruvkaPerformanceTest.java:72)
	at java.base/java.lang.Thread.run(Thread.java:832)
  src/main/resources/boruvka/USA-road-d.NE.gr.gz - edu.coursera.concurrent.ParBoruvka - 1641
Exception in thread "Thread-27" Exception in thread "Thread-24" java.lang.AssertionError
	at edu.coursera.concurrent.SolutionToBoruvka.setSolution(SolutionToBoruvka.java:24)
	at edu.coursera.concurrent.ParBoruvka.computeBoruvka(ParBoruvka.java:69)
	at edu.coursera.concurrent.BoruvkaPerformanceTest.lambda$driver$0(BoruvkaPerformanceTest.java:72)
	at java.base/java.lang.Thread.run(Thread.java:832)
Exception in thread "Thread-26" java.lang.AssertionError
	at edu.coursera.concurrent.SolutionToBoruvka.setSolution(SolutionToBoruvka.java:24)
	at edu.coursera.concurrent.ParBoruvka.computeBoruvka(ParBoruvka.java:69)
	at edu.coursera.concurrent.BoruvkaPerformanceTest.lambda$driver$0(BoruvkaPerformanceTest.java:72)
	at java.base/java.lang.Thread.run(Thread.java:832)
java.lang.AssertionError
	at edu.coursera.concurrent.SolutionToBoruvka.setSolution(SolutionToBoruvka.java:24)
	at edu.coursera.concurrent.ParBoruvka.computeBoruvka(ParBoruvka.java:69)
	at edu.coursera.concurrent.BoruvkaPerformanceTest.lambda$driver$0(BoruvkaPerformanceTest.java:72)
	at java.base/java.lang.Thread.run(Thread.java:832)
  src/main/resources/boruvka/USA-road-d.NE.gr.gz - edu.coursera.concurrent.ParBoruvka - 2038
Exception in thread "Thread-30" java.lang.AssertionError
	at edu.coursera.concurrent.SolutionToBoruvka.setSolution(SolutionToBoruvka.java:24)
	at edu.coursera.concurrent.ParBoruvka.computeBoruvka(ParBoruvka.java:69)
	at edu.coursera.concurrent.BoruvkaPerformanceTest.lambda$driver$0(BoruvkaPerformanceTest.java:72)
	at java.base/java.lang.Thread.run(Thread.java:832)
Exception in thread "Thread-29" java.lang.AssertionError
	at edu.coursera.concurrent.SolutionToBoruvka.setSolution(SolutionToBoruvka.java:24)
	at edu.coursera.concurrent.ParBoruvka.computeBoruvka(ParBoruvka.java:69)
	at edu.coursera.concurrent.BoruvkaPerformanceTest.lambda$driver$0(BoruvkaPerformanceTest.java:72)
	at java.base/java.lang.Thread.run(Thread.java:832)
Exception in thread "Thread-31" java.lang.AssertionError
	at edu.coursera.concurrent.SolutionToBoruvka.setSolution(SolutionToBoruvka.java:24)
	at edu.coursera.concurrent.ParBoruvka.computeBoruvka(ParBoruvka.java:69)
	at edu.coursera.concurrent.BoruvkaPerformanceTest.lambda$driver$0(BoruvkaPerformanceTest.java:72)
	at java.base/java.lang.Thread.run(Thread.java:832)
  src/main/resources/boruvka/USA-road-d.NE.gr.gz - edu.coursera.concurrent.ParBoruvka - 1836
Exception in thread "Thread-34" Exception in thread "Thread-33" java.lang.AssertionError
	at edu.coursera.concurrent.SolutionToBoruvka.setSolution(SolutionToBoruvka.java:24)
	at edu.coursera.concurrent.ParBoruvka.computeBoruvka(ParBoruvka.java:69)
	at edu.coursera.concurrent.BoruvkaPerformanceTest.lambda$driver$0(BoruvkaPerformanceTest.java:72)
	at java.base/java.lang.Thread.run(Thread.java:832)
java.lang.AssertionError
	at edu.coursera.concurrent.SolutionToBoruvka.setSolution(SolutionToBoruvka.java:24)
	at edu.coursera.concurrent.ParBoruvka.computeBoruvka(ParBoruvka.java:69)
	at edu.coursera.concurrent.BoruvkaPerformanceTest.lambda$driver$0(BoruvkaPerformanceTest.java:72)
	at java.base/java.lang.Thread.run(Thread.java:832)
Exception in thread "Thread-32" java.lang.AssertionError
	at edu.coursera.concurrent.SolutionToBoruvka.setSolution(SolutionToBoruvka.java:24)
	at edu.coursera.concurrent.ParBoruvka.computeBoruvka(ParBoruvka.java:69)
	at edu.coursera.concurrent.BoruvkaPerformanceTest.lambda$driver$0(BoruvkaPerformanceTest.java:72)
	at java.base/java.lang.Thread.run(Thread.java:832)
  src/main/resources/boruvka/USA-road-d.NE.gr.gz - edu.coursera.concurrent.ParBoruvka - 2426
Exception in thread "Thread-38" Exception in thread "Thread-39" java.lang.AssertionError
	at edu.coursera.concurrent.SolutionToBoruvka.setSolution(SolutionToBoruvka.java:24)
	at edu.coursera.concurrent.ParBoruvka.computeBoruvka(ParBoruvka.java:69)
	at edu.coursera.concurrent.BoruvkaPerformanceTest.lambda$driver$0(BoruvkaPerformanceTest.java:72)
	at java.base/java.lang.Thread.run(Thread.java:832)
Exception in thread "Thread-36" java.lang.AssertionError
	at edu.coursera.concurrent.SolutionToBoruvka.setSolution(SolutionToBoruvka.java:24)
	at edu.coursera.concurrent.ParBoruvka.computeBoruvka(ParBoruvka.java:69)
	at edu.coursera.concurrent.BoruvkaPerformanceTest.lambda$driver$0(BoruvkaPerformanceTest.java:72)
	at java.base/java.lang.Thread.run(Thread.java:832)
java.lang.AssertionError
	at edu.coursera.concurrent.SolutionToBoruvka.setSolution(SolutionToBoruvka.java:24)
	at edu.coursera.concurrent.ParBoruvka.computeBoruvka(ParBoruvka.java:69)
	at edu.coursera.concurrent.BoruvkaPerformanceTest.lambda$driver$0(BoruvkaPerformanceTest.java:72)
	at java.base/java.lang.Thread.run(Thread.java:832)
  src/main/resources/boruvka/USA-road-d.NE.gr.gz - edu.coursera.concurrent.ParBoruvka - 1560
]]></system-err>
  </testcase>
</testsuite>