<?xml version="1.0" encoding="UTF-8"?>
<testsuite name="edu.coursera.distributed.SparkTest" time="365.5" tests="6" errors="0" skipped="0" failures="5">
  <properties>
    <property name="java.runtime.name" value="OpenJDK Runtime Environment"/>
    <property name="java.vm.version" value="14.0.1+7"/>
    <property name="sun.boot.library.path" value="C:\Users\DELL\.jdks\openjdk-14.0.1\bin"/>
    <property name="maven.multiModuleProjectDirectory" value="C:\Users\DELL\Desktop\MOOCs\Java Programming\Distributed Programming\Mini Project 1 - Page Rank (Spark)"/>
    <property name="java.vm.vendor" value="Oracle Corporation"/>
    <property name="java.vendor.url" value="https://java.oracle.com/"/>
    <property name="guice.disable.misplaced.annotation.check" value="true"/>
    <property name="path.separator" value=";"/>
    <property name="java.vm.name" value="OpenJDK 64-Bit Server VM"/>
    <property name="sun.os.patch.level" value=""/>
    <property name="user.script" value=""/>
    <property name="user.country" value="IN"/>
    <property name="sun.java.launcher" value="SUN_STANDARD"/>
    <property name="java.vm.specification.name" value="Java Virtual Machine Specification"/>
    <property name="user.dir" value="C:\Users\DELL\Desktop\MOOCs\Java Programming\Distributed Programming\Mini Project 1 - Page Rank (Spark)"/>
    <property name="java.vm.compressedOopsMode" value="32-bit"/>
    <property name="java.runtime.version" value="14.0.1+7"/>
    <property name="os.arch" value="amd64"/>
    <property name="java.io.tmpdir" value="C:\Users\DELL\AppData\Local\Temp\"/>
    <property name="line.separator" value="&#10;"/>
    <property name="java.vm.specification.vendor" value="Oracle Corporation"/>
    <property name="user.variant" value=""/>
    <property name="os.name" value="Windows 10"/>
    <property name="maven.ext.class.path" value="F:\IntelliJ IDEA Community Edition 2020.1.2\plugins\maven\lib\maven-event-listener.jar"/>
    <property name="classworlds.conf" value="F:\IntelliJ IDEA Community Edition 2020.1.2\plugins\maven\lib\maven3\bin\m2.conf"/>
    <property name="sun.jnu.encoding" value="Cp1252"/>
    <property name="java.library.path" value="C:\Users\DELL\.jdks\openjdk-14.0.1\bin;C:\Windows\Sun\Java\bin;C:\Windows\system32;C:\Windows;C:\Rtools\bin;C:\Windows\system32;C:\Windows;C:\Windows\System32\Wbem;C:\Windows\System32\WindowsPowerShell\v1.0\;C:\Windows\System32\OpenSSH\;C:\Program Files\Git\cmd;C:\Program Files (x86)\Windows Live\Shared;C:\Program Files\MATLAB\R2020a\bin;C:\Users\DELL\AppData\Local\Microsoft\WindowsApps;;F:\IntelliJ IDEA Community Edition 2020.1.2\bin;;."/>
    <property name="maven.conf" value="F:\IntelliJ IDEA Community Edition 2020.1.2\plugins\maven\lib\maven3/conf"/>
    <property name="jdk.debug" value="release"/>
    <property name="java.class.version" value="58.0"/>
    <property name="java.specification.name" value="Java Platform API Specification"/>
    <property name="sun.management.compiler" value="HotSpot 64-Bit Tiered Compilers"/>
    <property name="os.version" value="10.0"/>
    <property name="user.home" value="C:\Users\DELL"/>
    <property name="user.timezone" value="Asia/Calcutta"/>
    <property name="file.encoding" value="UTF-8"/>
    <property name="java.specification.version" value="14"/>
    <property name="user.name" value="DELL"/>
    <property name="java.class.path" value="F:\IntelliJ IDEA Community Edition 2020.1.2\plugins\maven\lib\maven3\boot\plexus-classworlds-2.6.0.jar;F:\IntelliJ IDEA Community Edition 2020.1.2\plugins\maven\lib\maven3\boot\plexus-classworlds.license"/>
    <property name="java.vm.specification.version" value="14"/>
    <property name="sun.arch.data.model" value="64"/>
    <property name="sun.java.command" value="org.codehaus.classworlds.Launcher -Didea.version2020.1.2 test"/>
    <property name="java.home" value="C:\Users\DELL\.jdks\openjdk-14.0.1"/>
    <property name="user.language" value="en"/>
    <property name="java.specification.vendor" value="Oracle Corporation"/>
    <property name="idea.version2020.1.2" value="true"/>
    <property name="java.vm.info" value="mixed mode, sharing"/>
    <property name="java.version" value="14.0.1"/>
    <property name="java.vendor" value="Oracle Corporation"/>
    <property name="maven.home" value="F:\IntelliJ IDEA Community Edition 2020.1.2\plugins\maven\lib\maven3"/>
    <property name="file.separator" value="\"/>
    <property name="java.version.date" value="2020-04-14"/>
    <property name="java.vendor.url.bug" value="https://bugreport.java.com/bugreport/"/>
    <property name="sun.io.unicode.encoding" value="UnicodeLittle"/>
    <property name="sun.cpu.endian" value="little"/>
    <property name="sun.cpu.isalist" value="amd64"/>
  </properties>
  <testcase name="testIncreasingFiftyThousand" classname="edu.coursera.distributed.SparkTest" time="76.568">
    <failure message="Expected at least 1.35x speedup, but only saw 1.268510315149981x. Sequential time = 40090 ms, parallel time = 31604 ms" type="junit.framework.AssertionFailedError">junit.framework.AssertionFailedError: Expected at least 1.35x speedup, but only saw 1.268510315149981x. Sequential time = 40090 ms, parallel time = 31604 ms
	at junit.framework.Assert.fail(Assert.java:47)
	at junit.framework.Assert.assertTrue(Assert.java:20)
	at edu.coursera.distributed.SparkTest.testDriver(SparkTest.java:229)
	at edu.coursera.distributed.SparkTest.testIncreasingFiftyThousand(SparkTest.java:272)
</failure>
    <system-err><![CDATA[Running the PageRank algorithm for 5 iterations on a website graph of 50000 websites

Using Spark's default log4j profile: org/apache/spark/log4j-defaults.properties
20/06/22 17:09:45 INFO PlatformDependent: Your platform does not provide complete low-level API for accessing direct buffers reliably. Unless explicitly requested, heap buffer will always be preferred to avoid potential system unstability.
20/06/22 17:09:46 INFO Remoting: Starting remoting
20/06/22 17:09:46 INFO Remoting: Remoting started; listening on addresses :[akka.tcp://sparkDriverActorSystem@192.168.0.11:57588]

Single-core execution ran in 40090 ms
4-core execution ran in 31604 ms, yielding a speedup of 1.268510315149981x

]]></system-err>
  </testcase>
  <testcase name="testRandomTwentyThousand" classname="edu.coursera.distributed.SparkTest" time="28.905">
    <failure message="Expected at least 1.35x speedup, but only saw 1.097568320409546x. Sequential time = 14579 ms, parallel time = 13283 ms" type="junit.framework.AssertionFailedError">junit.framework.AssertionFailedError: Expected at least 1.35x speedup, but only saw 1.097568320409546x. Sequential time = 14579 ms, parallel time = 13283 ms
	at junit.framework.Assert.fail(Assert.java:47)
	at junit.framework.Assert.assertTrue(Assert.java:20)
	at edu.coursera.distributed.SparkTest.testDriver(SparkTest.java:229)
	at edu.coursera.distributed.SparkTest.testRandomTwentyThousand(SparkTest.java:283)
</failure>
    <system-err><![CDATA[Running the PageRank algorithm for 5 iterations on a website graph of 20000 websites


Single-core execution ran in 14579 ms
4-core execution ran in 13283 ms, yielding a speedup of 1.097568320409546x

]]></system-err>
  </testcase>
  <testcase name="testRandomFiftyThousand" classname="edu.coursera.distributed.SparkTest" time="57.843"/>
  <testcase name="testUniformTwentyThousand" classname="edu.coursera.distributed.SparkTest" time="31.196">
    <failure message="Expected at least 1.35x speedup, but only saw 1.3428941948279807x. Sequential time = 17604 ms, parallel time = 13109 ms" type="junit.framework.AssertionFailedError">junit.framework.AssertionFailedError: Expected at least 1.35x speedup, but only saw 1.3428941948279807x. Sequential time = 17604 ms, parallel time = 13109 ms
	at junit.framework.Assert.fail(Assert.java:47)
	at junit.framework.Assert.assertTrue(Assert.java:20)
	at edu.coursera.distributed.SparkTest.testDriver(SparkTest.java:229)
	at edu.coursera.distributed.SparkTest.testUniformTwentyThousand(SparkTest.java:239)
</failure>
    <system-err><![CDATA[Running the PageRank algorithm for 5 iterations on a website graph of 20000 websites


Single-core execution ran in 17604 ms
4-core execution ran in 13109 ms, yielding a speedup of 1.3428941948279807x

]]></system-err>
  </testcase>
  <testcase name="testIncreasingTwentyThousand" classname="edu.coursera.distributed.SparkTest" time="22.903">
    <failure message="Expected at least 1.35x speedup, but only saw 1.3441544885177452x. Sequential time = 12877 ms, parallel time = 9580 ms" type="junit.framework.AssertionFailedError">junit.framework.AssertionFailedError: Expected at least 1.35x speedup, but only saw 1.3441544885177452x. Sequential time = 12877 ms, parallel time = 9580 ms
	at junit.framework.Assert.fail(Assert.java:47)
	at junit.framework.Assert.assertTrue(Assert.java:20)
	at edu.coursera.distributed.SparkTest.testDriver(SparkTest.java:229)
	at edu.coursera.distributed.SparkTest.testIncreasingTwentyThousand(SparkTest.java:261)
</failure>
    <system-err><![CDATA[Running the PageRank algorithm for 5 iterations on a website graph of 20000 websites


Single-core execution ran in 12877 ms
4-core execution ran in 9580 ms, yielding a speedup of 1.3441544885177452x

]]></system-err>
  </testcase>
  <testcase name="testUniformFiftyThousand" classname="edu.coursera.distributed.SparkTest" time="148.085">
    <failure message="Expected at least 1.35x speedup, but only saw 0.5660187586340613x. Sequential time = 46709 ms, parallel time = 82522 ms" type="junit.framework.AssertionFailedError">junit.framework.AssertionFailedError: Expected at least 1.35x speedup, but only saw 0.5660187586340613x. Sequential time = 46709 ms, parallel time = 82522 ms
	at junit.framework.Assert.fail(Assert.java:47)
	at junit.framework.Assert.assertTrue(Assert.java:20)
	at edu.coursera.distributed.SparkTest.testDriver(SparkTest.java:229)
	at edu.coursera.distributed.SparkTest.testUniformFiftyThousand(SparkTest.java:250)
</failure>
    <system-err><![CDATA[Running the PageRank algorithm for 5 iterations on a website graph of 50000 websites


Single-core execution ran in 46709 ms
4-core execution ran in 82522 ms, yielding a speedup of 0.5660187586340613x

]]></system-err>
  </testcase>
</testsuite>